[info] [gradle-server] Gradle Server started, listening on 8865
[info] Gradle client connected to server
[info] Java Home: C:\Users\Administrator\.trae-cn\extensions\redhat.java-1.54.2026031008-win32-x64\jre\21.0.10-win32-x86_64
[info] JVM Args: -Xmx2G,-Dfile.encoding=UTF-8,-Duser.country=CN,-Duser.language=zh,-Duser.variant
[info] Gradle User Home: C:\Users\Administrator\.gradle
[info] Gradle Version: 8.12.1
[info] > Configure project :v1201-common
Architectury Loom: 1.9.436
You are using an outdated version of Architectury Loom! This version will not receive any support, please consider updating!
Architect Plugin: 3.4.162

[Incubating] Problems report is available at: file:///E:/%E4%BB%A3%E7%A0%81/MC%E6%A8%A1%E7%BB%84/Catalyst/build/reports/problems/problems-report.html
[error] FAILURE: Build failed with an exception.

* Where:
Build file 'E:\代码\MC模组\Catalyst\v1211-neoforge\build.gradle' line: 15

* What went wrong:
A problem occurred evaluating project ':v1211-neoforge'.
> Could not find method mixinConfig() for arguments [catalyst.mixins.json] on object of type net.fabricmc.loom.extension.NeoForgeExtensionImpl.

* Try:
> Run with --stacktrace option to get the stack trace.
> Run with --info or --debug option to get more log output.
> Run with --scan to get full insights.
> Get more help at https://help.gradle.org.

Deprecated Gradle features were used in this build, making it incompatible with Gradle 9.0.

You can use '--warning-mode all' to show the individual deprecation warnings and determine if they come from your own scripts or plugins.

For more on this, please refer to https://docs.gradle.org/8.12.1/userguide/command_line_interface.html#sec:command_line_warnings in the Gradle documentation.

CONFIGURE FAILED in 31s
[error] Error getting build for e:\代码\MC模组\Catalyst: The supplied build action failed with an exception.
[info] Found 0 tasks
[error] [gradle-server] The supplied build action failed with an exception.
[info] Java Home: C:\Users\Administrator\.trae-cn\extensions\redhat.java-1.54.2026031008-win32-x64\jre\21.0.10-win32-x86_64
[info] JVM Args: -Xmx2G,-Dfile.encoding=UTF-8,-Duser.country=CN,-Duser.language=zh,-Duser.variant
[info] Gradle User Home: C:\Users\Administrator\.gradle
[info] Gradle Version: 8.12.1
[info] > Configure project :v1201-common
Architectury Loom: 1.9.436
You are using an outdated version of Architectury Loom! This version will not receive any support, please consider updating!
Architect Plugin: 3.4.162

[Incubating] Problems report is available at: file:///E:/%E4%BB%A3%E7%A0%81/MC%E6%A8%A1%E7%BB%84/Catalyst/build/reports/problems/problems-report.html
[error] FAILURE: Build failed with an exception.

* Where:
Build file 'E:\代码\MC模组\Catalyst\v1211-neoforge\build.gradle' line: 15

* What went wrong:
A problem occurred evaluating project ':v1211-neoforge'.
> Could not find method mixinConfig() for arguments [catalyst.mixins.json] on object of type net.fabricmc.loom.extension.NeoForgeExtensionImpl.

* Try:
> Run with --stacktrace option to get the stack trace.
> Run with --info or --debug option to get more log output.
> Run with --scan to get full insights.
> Get more help at https://help.gradle.org.

Deprecated Gradle features were used in this build, making it incompatible with Gradle 9.0.

You can use '--warning-mode all' to show the individual deprecation warnings and determine if they come from your own scripts or plugins.

For more on this, please refer to https://docs.gradle.org/8.12.1/userguide/command_line_interface.html#sec:command_line_warnings in the Gradle documentation.

CONFIGURE FAILED in 5s
[error] Error getting build for e:\代码\MC模组\Catalyst: The supplied build action failed with an exception.
[error] [gradle-server] The supplied build action failed with an exception.
[info] Java Home: C:\Users\Administrator\.trae-cn\extensions\redhat.java-1.54.2026031008-win32-x64\jre\21.0.10-win32-x86_64
[info] JVM Args: -Xmx2G,-Dfile.encoding=UTF-8,-Duser.country=CN,-Duser.language=zh,-Duser.variant
[info] Gradle User Home: C:\Users\Administrator\.gradle
[info] Gradle Version: 8.12.1
[info] > Configure project :v1201-common
Architectury Loom: 1.9.436
You are using an outdated version of Architectury Loom! This version will not receive any support, please consider updating!
Architect Plugin: 3.4.162

[Incubating] Problems report is available at: file:///E:/%E4%BB%A3%E7%A0%81/MC%E6%A8%A1%E7%BB%84/Catalyst/build/reports/problems/problems-report.html
[error] FAILURE: Build failed with an exception.

* What went wrong:
A problem occurred configuring project ':v1211-neoforge'.
> Could not resolve all dependencies for configuration ':v1211-neoforge:neoForge'.
   > Could not find net.neoforged:neoforge:21.1.83.
     Searched in the following locations:
       - file:/E:/%E4%BB%A3%E7%A0%81/MC%E6%A8%A1%E7%BB%84/Catalyst/.gradle/loom-cache/remapped_mods/net/neoforged/neoforge/21.1.83/neoforge-21.1.83.pom
       - file:/C:/Users/Administrator/.gradle/caches/fabric-loom/minecraftMaven/net/neoforged/neoforge/21.1.83/neoforge-21.1.83.pom
       - file:/E:/%E4%BB%A3%E7%A0%81/MC%E6%A8%A1%E7%BB%84/Catalyst/.gradle/loom-cache/minecraftMaven/net/neoforged/neoforge/21.1.83/neoforge-21.1.83.pom
       - file:/C:/Users/Administrator/.gradle/caches/fabric-loom/forge/transformed-dependencies-v1/net/neoforged/neoforge/21.1.83/neoforge-21.1.83.pom
       - https://maven.fabricmc.net/net/neoforged/neoforge/21.1.83/neoforge-21.1.83.pom
       - https://libraries.minecraft.net/net/neoforged/neoforge/21.1.83/neoforge-21.1.83.pom
       - https://libraries.minecraft.net/net/neoforged/neoforge/21.1.83/neoforge-21.1.83.jar
       - https://repo.maven.apache.org/maven2/net/neoforged/neoforge/21.1.83/neoforge-21.1.83.jar
       - https://repo.maven.apache.org/maven2/net/neoforged/neoforge/21.1.83/neoforge-21.1.83.pom
       - https://maven.architectury.dev/net/neoforged/neoforge/21.1.83/neoforge-21.1.83.pom
     Required by:
         project :v1211-neoforge

* Try:
> Run with --stacktrace option to get the stack trace.
> Run with --info or --debug option to get more log output.
> Run with --scan to get full insights.
> Get more help at https://help.gradle.org.

Deprecated Gradle features were used in this build, making it incompatible with Gradle 9.0.

You can use '--warning-mode all' to show the individual deprecation warnings and determine if they come from your own scripts or plugins.

For more on this, please refer to https://docs.gradle.org/8.12.1/userguide/command_line_interface.html#sec:command_line_warnings in the Gradle documentation.

CONFIGURE FAILED in 8s
[error] [gradle-server] The supplied build action failed with an exception.
[error] Error getting build for e:\代码\MC模组\Catalyst: The supplied build action failed with an exception.
[info] Found 0 tasks
[info] Java Home: C:\Users\Administrator\.trae-cn\extensions\redhat.java-1.54.2026031008-win32-x64\jre\21.0.10-win32-x86_64
[info] JVM Args: -Xmx2G,-Dfile.encoding=UTF-8,-Duser.country=CN,-Duser.language=zh,-Duser.variant
[info] Gradle User Home: C:\Users\Administrator\.gradle
[info] Gradle Version: 8.12.1
[info] > Configure project :v1201-common
Architectury Loom: 1.9.436
You are using an outdated version of Architectury Loom! This version will not receive any support, please consider updating!
Architect Plugin: 3.4.162

> Configure project :v1211-neoforge
Previous process has disowned the lock due to abrupt termination.
Found existing cache lock file (ACQUIRED_PREVIOUS_OWNER_DISOWNED), rebuilding loom cache. This may have been caused by a failed or canceled build.
~~~~~~~~~~~~~~~~~~~~~~~~~~~~~~~~~~~~~~~~~~~~~~~~~~~~~~~~~~~~~~
Using of the official minecraft mappings is at your own risk!
Please make sure to read and understand the following license:
~~~~~~~~~~~~~~~~~~~~~~~~~~~~~~~~~~~~~~~~~~~~~~~~~~~~~~~~~~~~~~
# (c) 2020 Microsoft Corporation. These mappings are provided "as-is" and you bear the risk of using them. You may copy and use the mappings for development purposes, but you may not redistribute the mappings complete and unmodified. Microsoft makes no warranties, express or implied, with respect to the mappings provided here.  Use and modification of this document or the source code (in any form) of Minecraft: Java Edition is governed by the Minecraft End User License Agreement available at https://account.mojang.com/documents/minecraft_eula.
~~~~~~~~~~~~~~~~~~~~~~~~~~~~~~~~~~~~~~~~~~~~~~~~~~~~~~~~~~~~~~

[Incubating] Problems report is available at: file:///E:/%E4%BB%A3%E7%A0%81/MC%E6%A8%A1%E7%BB%84/Catalyst/build/reports/problems/problems-report.html
[error] FAILURE: Build failed with an exception.

* What went wrong:
A problem occurred configuring project ':v1211-neoforge'.
> Could not resolve all dependencies for configuration ':v1211-neoforge:neoForge'.
   > Could not find net.neoforged:neoforge:21.1.77.
     Searched in the following locations:
       - file:/E:/%E4%BB%A3%E7%A0%81/MC%E6%A8%A1%E7%BB%84/Catalyst/.gradle/loom-cache/remapped_mods/net/neoforged/neoforge/21.1.77/neoforge-21.1.77.pom
       - file:/C:/Users/Administrator/.gradle/caches/fabric-loom/minecraftMaven/net/neoforged/neoforge/21.1.77/neoforge-21.1.77.pom
       - file:/E:/%E4%BB%A3%E7%A0%81/MC%E6%A8%A1%E7%BB%84/Catalyst/.gradle/loom-cache/minecraftMaven/net/neoforged/neoforge/21.1.77/neoforge-21.1.77.pom
       - file:/C:/Users/Administrator/.gradle/caches/fabric-loom/forge/transformed-dependencies-v1/net/neoforged/neoforge/21.1.77/neoforge-21.1.77.pom
       - https://maven.fabricmc.net/net/neoforged/neoforge/21.1.77/neoforge-21.1.77.pom
       - https://libraries.minecraft.net/net/neoforged/neoforge/21.1.77/neoforge-21.1.77.pom
       - https://libraries.minecraft.net/net/neoforged/neoforge/21.1.77/neoforge-21.1.77.jar
       - https://repo.maven.apache.org/maven2/net/neoforged/neoforge/21.1.77/neoforge-21.1.77.jar
       - https://repo.maven.apache.org/maven2/net/neoforged/neoforge/21.1.77/neoforge-21.1.77.pom
       - https://maven.architectury.dev/net/neoforged/neoforge/21.1.77/neoforge-21.1.77.pom
     Required by:
         project :v1211-neoforge

* Try:
> Run with --stacktrace option to get the stack trace.
> Run with --info or --debug option to get more log output.
> Run with --scan to get full insights.
> Get more help at https://help.gradle.org.

Deprecated Gradle features were used in this build, making it incompatible with Gradle 9.0.

You can use '--warning-mode all' to show the individual deprecation warnings and determine if they come from your own scripts or plugins.

For more on this, please refer to https://docs.gradle.org/8.12.1/userguide/command_line_interface.html#sec:command_line_warnings in the Gradle documentation.

CONFIGURE FAILED in 9s
[error] Error getting build for e:\代码\MC模组\Catalyst: The supplied build action failed with an exception.
[info] Found 0 tasks
[error] [gradle-server] The supplied build action failed with an exception.
