[23:43:01] [main/INFO] (FabricLoader/GameProvider) Loading Minecraft 1.21.1 with Fabric Loader 0.16.9
[23:43:01] [main/INFO] (FabricLoader) Loading 4 mods:
	- fabricloader 0.16.9
	- java 21
	- minecraft 1.21.1
	- mixinextras 0.4.1
[23:43:01] [main/INFO] (FabricLoader/Mixin) SpongePowered MIXIN Subsystem Version=0.8.7 Source=file:/C:/Users/Administrator/.gradle/caches/modules-2/files-2.1/net.fabricmc/sponge-mixin/0.15.4+mixin.0.8.7/6a12aacc794f1078458433116e9ed42c1cc98096/sponge-mixin-0.15.4+mixin.0.8.7.jar Service=Knot/Fabric Env=CLIENT
[23:43:02] [main/INFO] (FabricLoader/Mixin) Loaded Fabric development mappings for mixin remapper!
[23:43:05] [Datafixer Bootstrap/INFO] (Minecraft) 226 Datafixer optimizations took 507 milliseconds
[23:43:10] [Render thread/INFO] (Minecraft) Environment: Environment[sessionHost=https://sessionserver.mojang.com, servicesHost=https://api.minecraftservices.com, name=PROD]
[23:43:10] [Render thread/INFO] (Minecraft) Setting user: Player411
[23:43:11] [Render thread/INFO] (Minecraft) Backend library: LWJGL version 3.3.3-snapshot
[23:43:12] [Render thread/INFO] (Minecraft) Reloading ResourceManager: vanilla
[23:43:12] [Worker-Main-1/INFO] (Minecraft) Found unifont_all_no_pua-15.1.05.hex, loading
[23:43:12] [Worker-Main-2/INFO] (Minecraft) Found unifont_jp_patch-15.1.05.hex, loading
[23:43:14] [Render thread/WARN] (Minecraft) Missing sound for event: minecraft:item.goat_horn.play
[23:43:14] [Render thread/WARN] (Minecraft) Missing sound for event: minecraft:entity.goat.screaming.horn_break
[23:43:14] [Render thread/INFO] (Minecraft) OpenAL initialized on device OpenAL Soft on Voicemeeter Input (VB-Audio Voicemeeter VAIO)
[23:43:14] [Render thread/INFO] (Minecraft) Sound engine started
[23:43:14] [Render thread/INFO] (Minecraft) Created: 1024x512x4 minecraft:textures/atlas/blocks.png-atlas
[23:43:15] [Render thread/INFO] (Minecraft) Created: 256x256x4 minecraft:textures/atlas/signs.png-atlas
[23:43:15] [Render thread/INFO] (Minecraft) Created: 512x512x4 minecraft:textures/atlas/banner_patterns.png-atlas
[23:43:15] [Render thread/INFO] (Minecraft) Created: 512x512x4 minecraft:textures/atlas/shield_patterns.png-atlas
[23:43:15] [Render thread/INFO] (Minecraft) Created: 1024x1024x4 minecraft:textures/atlas/armor_trims.png-atlas
[23:43:15] [Render thread/INFO] (Minecraft) Created: 256x256x4 minecraft:textures/atlas/chest.png-atlas
[23:43:15] [Render thread/INFO] (Minecraft) Created: 128x64x4 minecraft:textures/atlas/decorated_pot.png-atlas
[23:43:15] [Render thread/INFO] (Minecraft) Created: 512x256x4 minecraft:textures/atlas/beds.png-atlas
[23:43:15] [Render thread/INFO] (Minecraft) Created: 512x256x4 minecraft:textures/atlas/shulker_boxes.png-atlas
[23:43:15] [Render thread/INFO] (Minecraft) Created: 512x256x0 minecraft:textures/atlas/particles.png-atlas
[23:43:15] [Render thread/INFO] (Minecraft) Created: 512x256x0 minecraft:textures/atlas/paintings.png-atlas
[23:43:15] [Render thread/INFO] (Minecraft) Created: 256x128x0 minecraft:textures/atlas/mob_effects.png-atlas
[23:43:15] [Render thread/INFO] (Minecraft) Created: 64x64x0 minecraft:textures/atlas/map_decorations.png-atlas
[23:43:15] [Render thread/INFO] (Minecraft) Created: 1024x512x0 minecraft:textures/atlas/gui.png-atlas
[23:43:15] [Render thread/WARN] (Minecraft) Shader rendertype_entity_translucent_emissive could not find sampler named Sampler2 in the specified shader program.
[23:43:26] [Render thread/INFO] (Minecraft) Reloading ResourceManager: vanilla
[23:43:26] [Worker-Main-7/INFO] (Minecraft) Found unifont_all_no_pua-15.1.05.hex, loading
[23:43:26] [Worker-Main-6/INFO] (Minecraft) Found unifont_jp_patch-15.1.05.hex, loading
[23:43:28] [Render thread/WARN] (Minecraft) Missing sound for event: minecraft:item.goat_horn.play
[23:43:28] [Render thread/WARN] (Minecraft) Missing sound for event: minecraft:entity.goat.screaming.horn_break
[23:43:28] [Render thread/INFO] (Minecraft) OpenAL initialized on device OpenAL Soft on Voicemeeter Input (VB-Audio Voicemeeter VAIO)
[23:43:28] [Render thread/INFO] (Minecraft) Sound engine started
[23:43:28] [Render thread/INFO] (Minecraft) Created: 1024x512x4 minecraft:textures/atlas/blocks.png-atlas
[23:43:28] [Render thread/INFO] (Minecraft) Created: 256x256x4 minecraft:textures/atlas/signs.png-atlas
[23:43:28] [Render thread/INFO] (Minecraft) Created: 512x512x4 minecraft:textures/atlas/banner_patterns.png-atlas
[23:43:28] [Render thread/INFO] (Minecraft) Created: 512x512x4 minecraft:textures/atlas/shield_patterns.png-atlas
[23:43:28] [Render thread/INFO] (Minecraft) Created: 1024x1024x4 minecraft:textures/atlas/armor_trims.png-atlas
[23:43:28] [Render thread/INFO] (Minecraft) Created: 256x256x4 minecraft:textures/atlas/chest.png-atlas
[23:43:28] [Render thread/INFO] (Minecraft) Created: 128x64x4 minecraft:textures/atlas/decorated_pot.png-atlas
[23:43:28] [Render thread/INFO] (Minecraft) Created: 512x256x4 minecraft:textures/atlas/beds.png-atlas
[23:43:28] [Render thread/INFO] (Minecraft) Created: 512x256x4 minecraft:textures/atlas/shulker_boxes.png-atlas
[23:43:28] [Render thread/INFO] (Minecraft) Created: 512x256x0 minecraft:textures/atlas/particles.png-atlas
[23:43:28] [Render thread/INFO] (Minecraft) Created: 512x256x0 minecraft:textures/atlas/paintings.png-atlas
[23:43:28] [Render thread/INFO] (Minecraft) Created: 256x128x0 minecraft:textures/atlas/mob_effects.png-atlas
[23:43:28] [Render thread/INFO] (Minecraft) Created: 64x64x0 minecraft:textures/atlas/map_decorations.png-atlas
[23:43:28] [Render thread/INFO] (Minecraft) Created: 1024x512x0 minecraft:textures/atlas/gui.png-atlas
[23:43:28] [Render thread/WARN] (Minecraft) Shader rendertype_entity_translucent_emissive could not find sampler named Sampler2 in the specified shader program.
[23:43:34] [Render thread/INFO] (Minecraft) Loaded 1290 recipes
[23:43:34] [Render thread/INFO] (Minecraft) Loaded 1399 advancements
[23:43:38] [Server thread/INFO] (Minecraft) Starting integrated minecraft server version 1.21.1
[23:43:38] [Server thread/INFO] (Minecraft) Generating keypair
[23:43:39] [Server thread/INFO] (Minecraft) Preparing start region for dimension minecraft:overworld
[23:43:39] [Render thread/INFO] (Minecraft) 准备生成区域中：2%
[23:43:39] [Render thread/INFO] (Minecraft) Time elapsed: 431 ms
[23:43:39] [Server thread/INFO] (Minecraft) Changing view distance to 12, from 10
[23:43:39] [Server thread/INFO] (Minecraft) Changing simulation distance to 12, from 0
[23:43:40] [Server thread/INFO] (Minecraft) Player411[local:E:4a17c34f] logged in with entity id 1 at (-0.5, -60.0, -4.5)
[23:43:40] [Server thread/INFO] (Minecraft) Player411加入了游戏
[23:43:41] [Render thread/INFO] (Minecraft) Loaded 2 advancements
[23:44:16] [Server thread/INFO] (Minecraft) Saving and pausing game...
[23:44:16] [Server thread/INFO] (Minecraft) Saving chunks for level 'ServerLevel[新的世界]'/minecraft:overworld
[23:44:16] [Server thread/INFO] (Minecraft) Saving chunks for level 'ServerLevel[新的世界]'/minecraft:the_end
[23:44:16] [Server thread/INFO] (Minecraft) Saving chunks for level 'ServerLevel[新的世界]'/minecraft:the_nether
[23:44:25] [Server thread/INFO] (Minecraft) Saving and pausing game...
[23:44:25] [Server thread/INFO] (Minecraft) Saving chunks for level 'ServerLevel[新的世界]'/minecraft:overworld
[23:44:25] [Server thread/INFO] (Minecraft) Saving chunks for level 'ServerLevel[新的世界]'/minecraft:the_end
[23:44:25] [Server thread/INFO] (Minecraft) Saving chunks for level 'ServerLevel[新的世界]'/minecraft:the_nether
[23:44:29] [Server thread/INFO] (Minecraft) Player411 lost connection: 连接中断
[23:44:29] [Server thread/INFO] (Minecraft) Player411退出了游戏
[23:44:29] [Server thread/INFO] (Minecraft) Stopping singleplayer server as player logged out
[23:44:30] [Server thread/INFO] (Minecraft) Stopping server
[23:44:30] [Server thread/INFO] (Minecraft) Saving players
[23:44:30] [Server thread/INFO] (Minecraft) Saving worlds
[23:44:31] [Server thread/INFO] (Minecraft) Saving chunks for level 'ServerLevel[新的世界]'/minecraft:overworld
[23:44:32] [Server thread/INFO] (Minecraft) Saving chunks for level 'ServerLevel[新的世界]'/minecraft:the_end
[23:44:32] [Server thread/INFO] (Minecraft) Saving chunks for level 'ServerLevel[新的世界]'/minecraft:the_nether
[23:44:32] [Server thread/INFO] (Minecraft) ThreadedAnvilChunkStorage (新的世界): All chunks are saved
[23:44:32] [Server thread/INFO] (Minecraft) ThreadedAnvilChunkStorage (DIM1): All chunks are saved
[23:44:32] [Server thread/INFO] (Minecraft) ThreadedAnvilChunkStorage (DIM-1): All chunks are saved
[23:44:32] [Server thread/INFO] (Minecraft) ThreadedAnvilChunkStorage: All dimensions are saved
[23:44:32] [Render thread/INFO] (Minecraft) Stopping!
