[16:24:00] [main/INFO] (FabricLoader/GameProvider) Loading Minecraft 1.20.1 with Fabric Loader 0.18.4
[16:24:00] [main/INFO] (FabricLoader) Loading 4 mods:
	- fabricloader 0.18.4
	- java 17
	- minecraft 1.20.1
	- mixinextras 0.5.0
[16:24:00] [main/INFO] (FabricLoader/Mixin) SpongePowered MIXIN Subsystem Version=0.8.7 Source=file:/C:/Users/Administrator/.gradle/caches/modules-2/files-2.1/net.fabricmc/sponge-mixin/0.17.0+mixin.0.8.7/cf31463202f72d03b0ef1e1e38e8ee71b7faaab6/sponge-mixin-0.17.0+mixin.0.8.7.jar Service=Knot/Fabric Env=CLIENT
[16:24:00] [main/INFO] (FabricLoader/Mixin) Loaded Fabric development mappings for mixin remapper!
[16:24:05] [Datafixer Bootstrap/INFO] (Minecraft) 188 Datafixer optimizations took 191 milliseconds
[16:24:07] [Render thread/INFO] (Minecraft) Environment: authHost='https://authserver.mojang.com', accountsHost='https://api.mojang.com', sessionHost='https://sessionserver.mojang.com', servicesHost='https://api.minecraftservices.com', name='PROD'
[16:24:07] [Render thread/ERROR] (Minecraft) Failed to verify authentication
com.mojang.authlib.exceptions.InvalidCredentialsException: Status: 401
	at com.mojang.authlib.exceptions.MinecraftClientHttpException.toAuthenticationException(MinecraftClientHttpException.java:56) ~[authlib-4.0.43.jar:?]
	at com.mojang.authlib.yggdrasil.YggdrasilUserApiService.fetchProperties(YggdrasilUserApiService.java:156) ~[authlib-4.0.43.jar:?]
	at com.mojang.authlib.yggdrasil.YggdrasilUserApiService.<init>(YggdrasilUserApiService.java:55) ~[authlib-4.0.43.jar:?]
	at com.mojang.authlib.yggdrasil.YggdrasilAuthenticationService.createUserApiService(YggdrasilAuthenticationService.java:124) ~[authlib-4.0.43.jar:?]
	at net.minecraft.client.Minecraft.createUserApiService(Minecraft.java:733) ~[minecraft-merged-3760f957dc-1.20.1-loom.mappings.1_20_1.layered+hash.40545-v2.jar:?]
	at net.minecraft.client.Minecraft.<init>(Minecraft.java:442) ~[minecraft-merged-3760f957dc-1.20.1-loom.mappings.1_20_1.layered+hash.40545-v2.jar:?]
	at net.minecraft.client.main.Main.main(Main.java:211) ~[minecraft-merged-3760f957dc-1.20.1-loom.mappings.1_20_1.layered+hash.40545-v2.jar:?]
	at net.fabricmc.loader.impl.game.minecraft.MinecraftGameProvider.launch(MinecraftGameProvider.java:514) ~[fabric-loader-0.18.4.jar:?]
	at net.fabricmc.loader.impl.launch.knot.Knot.launch(Knot.java:72) ~[fabric-loader-0.18.4.jar:?]
	at net.fabricmc.loader.impl.launch.knot.KnotClient.main(KnotClient.java:23) ~[fabric-loader-0.18.4.jar:?]
	at net.fabricmc.devlaunchinjector.Main.main(Main.java:86) ~[dev-launch-injector-0.2.1+build.8.jar:?]
Caused by: com.mojang.authlib.exceptions.MinecraftClientHttpException: Status: 401
	at com.mojang.authlib.minecraft.client.MinecraftClient.readInputStream(MinecraftClient.java:85) ~[authlib-4.0.43.jar:?]
	at com.mojang.authlib.minecraft.client.MinecraftClient.get(MinecraftClient.java:48) ~[authlib-4.0.43.jar:?]
	at com.mojang.authlib.yggdrasil.YggdrasilUserApiService.fetchProperties(YggdrasilUserApiService.java:129) ~[authlib-4.0.43.jar:?]
	... 9 more
[16:24:07] [Render thread/INFO] (Minecraft) Setting user: Player295
[16:24:07] [Render thread/INFO] (Minecraft) Backend library: LWJGL version 3.3.1 SNAPSHOT
[16:24:08] [Render thread/INFO] (Minecraft) Reloading ResourceManager: vanilla
[16:24:08] [Worker-Main-1/INFO] (Minecraft) Found unifont_all_no_pua-15.0.06.hex, loading
[16:24:08] [Realms Notification Availability checker #1/INFO] (Minecraft) Could not authorize you against Realms server: java.lang.RuntimeException: Failed to parse into SignedJWT: FabricMC
[16:24:10] [Render thread/WARN] (Minecraft) Missing sound for event: minecraft:item.goat_horn.play
[16:24:10] [Render thread/WARN] (Minecraft) Missing sound for event: minecraft:entity.goat.screaming.horn_break
[16:24:10] [Render thread/INFO] (Minecraft) OpenAL initialized on device OpenAL Soft on Voicemeeter Input (VB-Audio Voicemeeter VAIO)
[16:24:10] [Render thread/INFO] (Minecraft) Sound engine started
[16:24:11] [Render thread/INFO] (Minecraft) Created: 1024x512x4 minecraft:textures/atlas/blocks.png-atlas
[16:24:11] [Render thread/INFO] (Minecraft) Created: 256x256x4 minecraft:textures/atlas/signs.png-atlas
[16:24:11] [Render thread/INFO] (Minecraft) Created: 512x512x4 minecraft:textures/atlas/banner_patterns.png-atlas
[16:24:11] [Render thread/INFO] (Minecraft) Created: 512x512x4 minecraft:textures/atlas/shield_patterns.png-atlas
[16:24:11] [Render thread/INFO] (Minecraft) Created: 1024x1024x4 minecraft:textures/atlas/armor_trims.png-atlas
[16:24:11] [Render thread/INFO] (Minecraft) Created: 256x256x4 minecraft:textures/atlas/chest.png-atlas
[16:24:11] [Render thread/INFO] (Minecraft) Created: 128x64x4 minecraft:textures/atlas/decorated_pot.png-atlas
[16:24:11] [Render thread/INFO] (Minecraft) Created: 512x256x4 minecraft:textures/atlas/beds.png-atlas
[16:24:11] [Render thread/INFO] (Minecraft) Created: 512x256x4 minecraft:textures/atlas/shulker_boxes.png-atlas
[16:24:12] [Render thread/WARN] (Minecraft) Shader rendertype_entity_translucent_emissive could not find sampler named Sampler2 in the specified shader program.
[16:24:12] [Render thread/INFO] (Minecraft) Created: 256x256x0 minecraft:textures/atlas/particles.png-atlas
[16:24:12] [Render thread/INFO] (Minecraft) Created: 256x256x0 minecraft:textures/atlas/paintings.png-atlas
[16:24:12] [Render thread/INFO] (Minecraft) Created: 128x128x0 minecraft:textures/atlas/mob_effects.png-atlas
[16:24:18] [Render thread/INFO] (Minecraft) Loaded 7 recipes
[16:24:19] [Render thread/INFO] (Minecraft) Loaded 1271 advancements
[16:24:19] [Server thread/INFO] (Minecraft) Starting integrated minecraft server version 1.20.1
[16:24:19] [Server thread/INFO] (Minecraft) Generating keypair
[16:24:19] [Server thread/INFO] (Minecraft) Preparing start region for dimension minecraft:overworld
[16:24:22] [Render thread/INFO] (Minecraft) 准备生成区域中：0%
[16:24:22] [Render thread/INFO] (Minecraft) 准备生成区域中：0%
[16:24:22] [Render thread/INFO] (Minecraft) 准备生成区域中：0%
[16:24:22] [Render thread/INFO] (Minecraft) 准备生成区域中：0%
[16:24:22] [Render thread/INFO] (Minecraft) 准备生成区域中：0%
[16:24:22] [Render thread/INFO] (Minecraft) 准备生成区域中：0%
[16:24:22] [Render thread/INFO] (Minecraft) 准备生成区域中：23%
[16:24:23] [Render thread/INFO] (Minecraft) 准备生成区域中：89%
[16:24:23] [Render thread/INFO] (Minecraft) Time elapsed: 3585 ms
[16:24:23] [Server thread/INFO] (Minecraft) Changing view distance to 12, from 10
[16:24:23] [Server thread/INFO] (Minecraft) Changing simulation distance to 12, from 0
[16:24:24] [Server thread/INFO] (Minecraft) Player295[local:E:f992b588] logged in with entity id 71 at (-6.217333760334559, -60.0, -15.986533242817247)
[16:24:24] [Server thread/INFO] (Minecraft) Player295加入了游戏
[16:24:24] [Render thread/INFO] (Minecraft) Loaded 2 advancements
[16:24:37] [Server thread/INFO] (Minecraft) Saving and pausing game...
[16:24:37] [Server thread/INFO] (Minecraft) Saving chunks for level 'ServerLevel[新的世界]'/minecraft:overworld
[16:24:38] [Server thread/INFO] (Minecraft) Saving chunks for level 'ServerLevel[新的世界]'/minecraft:the_end
[16:24:38] [Server thread/INFO] (Minecraft) Saving chunks for level 'ServerLevel[新的世界]'/minecraft:the_nether
[16:24:42] [Server thread/INFO] (Minecraft) Saving and pausing game...
[16:24:42] [Server thread/INFO] (Minecraft) Saving chunks for level 'ServerLevel[新的世界]'/minecraft:overworld
[16:24:42] [Server thread/INFO] (Minecraft) Saving chunks for level 'ServerLevel[新的世界]'/minecraft:the_end
[16:24:42] [Server thread/INFO] (Minecraft) Saving chunks for level 'ServerLevel[新的世界]'/minecraft:the_nether
[16:24:49] [Server thread/INFO] (Minecraft) Player295 lost connection: 连接中断
[16:24:49] [Server thread/INFO] (Minecraft) Player295退出了游戏
[16:24:49] [Server thread/INFO] (Minecraft) Stopping singleplayer server as player logged out
[16:24:49] [Server thread/INFO] (Minecraft) Stopping server
[16:24:49] [Server thread/INFO] (Minecraft) Saving players
[16:24:49] [Server thread/INFO] (Minecraft) Saving worlds
[16:24:50] [Server thread/INFO] (Minecraft) Saving chunks for level 'ServerLevel[新的世界]'/minecraft:overworld
[16:24:50] [Server thread/INFO] (Minecraft) Saving chunks for level 'ServerLevel[新的世界]'/minecraft:the_end
[16:24:50] [Server thread/INFO] (Minecraft) Saving chunks for level 'ServerLevel[新的世界]'/minecraft:the_nether
[16:24:50] [Server thread/INFO] (Minecraft) ThreadedAnvilChunkStorage (新的世界): All chunks are saved
[16:24:50] [Server thread/INFO] (Minecraft) ThreadedAnvilChunkStorage (DIM1): All chunks are saved
[16:24:50] [Server thread/INFO] (Minecraft) ThreadedAnvilChunkStorage (DIM-1): All chunks are saved
[16:24:50] [Server thread/INFO] (Minecraft) ThreadedAnvilChunkStorage: All dimensions are saved
[16:24:51] [Render thread/INFO] (Minecraft) Stopping!
